# JRE version: OpenJDK Runtime Environment Temurin-17.0.7+7 (17.0.7+7) (build 17.0.7+7)
# Java VM: OpenJDK 64-Bit Server VM Temurin-17.0.7+7 (17.0.7+7, mixed mode, sharing, tiered, compressed oops, compressed class ptrs, g1 gc, windows-amd64)
GC Precious Log:
 CPUs: 12 total, 12 available
 Memory: 7896M
 Large Page Support: Disabled
 NUMA Support: Disabled
 Compressed Oops: Enabled (Zero based)
 Heap Region Size: 4M
 Heap Min Capacity: 8M
 Heap Initial Capacity: 124M
 Heap Max Capacity: 8G
 Pre-touch: Disabled
 Parallel Workers: 10
 Concurrent Workers: 3
 Concurrent Refinement Workers: 10
 Periodic GC: Disabled
Heap:
 garbage-first heap   total 327680K, used 197698K [0x0000000600000000, 0x0000000800000000)
  region size 4096K, 4 young (16384K), 3 survivors (12288K)
 Metaspace       used 104264K, committed 105344K, reserved 1179648K
  class space    used 14346K, committed 14848K, reserved 1048576K
GC Heap History (20 events):
Event: 60.728 GC heap before
{Heap before GC invocations=45 (full 0):
 garbage-first heap   total 225280K, used 180737K [0x0000000600000000, 0x0000000800000000)
  region size 4096K, 15 young (61440K), 1 survivors (4096K)
 Metaspace       used 84312K, committed 85120K, reserved 1179648K
  class space    used 11636K, committed 12032K, reserved 1048576K
}
Event: 60.733 GC heap after
{Heap after GC invocations=46 (full 0):
 garbage-first heap   total 225280K, used 127078K [0x0000000600000000, 0x0000000800000000)
  region size 4096K, 2 young (8192K), 2 survivors (8192K)
 Metaspace       used 84312K, committed 85120K, reserved 1179648K
  class space    used 11636K, committed 12032K, reserved 1048576K
}
Event: 60.917 GC heap before
{Heap before GC invocations=46 (full 0):
 garbage-first heap   total 225280K, used 180326K [0x0000000600000000, 0x0000000800000000)
  region size 4096K, 15 young (61440K), 2 survivors (8192K)
 Metaspace       used 84313K, committed 85120K, reserved 1179648K
  class space    used 11636K, committed 12032K, reserved 1048576K
}
Event: 60.923 GC heap after
{Heap after GC invocations=47 (full 0):
 garbage-first heap   total 225280K, used 128944K [0x0000000600000000, 0x0000000800000000)
  region size 4096K, 2 young (8192K), 2 survivors (8192K)
 Metaspace       used 84313K, committed 85120K, reserved 1179648K
  class space    used 11636K, committed 12032K, reserved 1048576K
}
Event: 62.643 GC heap before
{Heap before GC invocations=47 (full 0):
 garbage-first heap   total 225280K, used 178096K [0x0000000600000000, 0x0000000800000000)
  region size 4096K, 14 young (57344K), 2 survivors (8192K)
 Metaspace       used 85384K, committed 86272K, reserved 1179648K
  class space    used 11785K, committed 12224K, reserved 1048576K
}
Event: 62.659 GC heap after
{Heap after GC invocations=48 (full 0):
 garbage-first heap   total 327680K, used 142820K [0x0000000600000000, 0x0000000800000000)
  region size 4096K, 2 young (8192K), 2 survivors (8192K)
 Metaspace       used 85384K, committed 86272K, reserved 1179648K
  class space    used 11785K, committed 12224K, reserved 1048576K
}
Event: 65.753 GC heap before
{Heap before GC invocations=48 (full 0):
 garbage-first heap   total 327680K, used 257508K [0x0000000600000000, 0x0000000800000000)
  region size 4096K, 30 young (122880K), 2 survivors (8192K)
 Metaspace       used 91405K, committed 92352K, reserved 1179648K
  class space    used 12670K, committed 13120K, reserved 1048576K
}
Event: 65.771 GC heap after
{Heap after GC invocations=49 (full 0):
 garbage-first heap   total 327680K, used 148867K [0x0000000600000000, 0x0000000800000000)
  region size 4096K, 4 young (16384K), 4 survivors (16384K)
 Metaspace       used 91405K, committed 92352K, reserved 1179648K
  class space    used 12670K, committed 13120K, reserved 1048576K
}
Event: 69.989 GC heap before
{Heap before GC invocations=49 (full 0):
 garbage-first heap   total 327680K, used 255363K [0x0000000600000000, 0x0000000800000000)
  region size 4096K, 30 young (122880K), 4 survivors (16384K)
 Metaspace       used 97495K, committed 98432K, reserved 1179648K
  class space    used 13561K, committed 14016K, reserved 1048576K
}
Event: 70.012 GC heap after
{Heap after GC invocations=50 (full 0):
 garbage-first heap   total 327680K, used 155418K [0x0000000600000000, 0x0000000800000000)
  region size 4096K, 4 young (16384K), 4 survivors (16384K)
 Metaspace       used 97495K, committed 98432K, reserved 1179648K
  class space    used 13561K, committed 14016K, reserved 1048576K
}
Event: 78.987 GC heap before
{Heap before GC invocations=50 (full 0):
 garbage-first heap   total 327680K, used 257818K [0x0000000600000000, 0x0000000800000000)
  region size 4096K, 29 young (118784K), 4 survivors (16384K)
 Metaspace       used 99092K, committed 100096K, reserved 1179648K
  class space    used 13782K, committed 14272K, reserved 1048576K
}
Event: 79.103 GC heap after
{Heap after GC invocations=51 (full 0):
 garbage-first heap   total 327680K, used 160849K [0x0000000600000000, 0x0000000800000000)
  region size 4096K, 4 young (16384K), 4 survivors (16384K)
 Metaspace       used 99092K, committed 100096K, reserved 1179648K
  class space    used 13782K, committed 14272K, reserved 1048576K
}
Event: 82.766 GC heap before
{Heap before GC invocations=51 (full 0):
 garbage-first heap   total 327680K, used 259153K [0x0000000600000000, 0x0000000800000000)
  region size 4096K, 29 young (118784K), 4 survivors (16384K)
 Metaspace       used 100659K, committed 101696K, reserved 1179648K
  class space    used 14038K, committed 14528K, reserved 1048576K
}
Event: 82.783 GC heap after
{Heap after GC invocations=52 (full 0):
 garbage-first heap   total 327680K, used 170847K [0x0000000600000000, 0x0000000800000000)
  region size 4096K, 4 young (16384K), 4 survivors (16384K)
 Metaspace       used 100659K, committed 101696K, reserved 1179648K
  class space    used 14038K, committed 14528K, reserved 1048576K
}
Event: 83.693 GC heap before
{Heap before GC invocations=52 (full 0):
 garbage-first heap   total 327680K, used 260959K [0x0000000600000000, 0x0000000800000000)
  region size 4096K, 27 young (110592K), 4 survivors (16384K)
 Metaspace       used 100954K, committed 101952K, reserved 1179648K
  class space    used 14075K, committed 14528K, reserved 1048576K
}
Event: 83.710 GC heap after
{Heap after GC invocations=53 (full 0):
 garbage-first heap   total 327680K, used 181000K [0x0000000600000000, 0x0000000800000000)
  region size 4096K, 3 young (12288K), 3 survivors (12288K)
 Metaspace       used 100954K, committed 101952K, reserved 1179648K
  class space    used 14075K, committed 14528K, reserved 1048576K
}
Event: 84.401 GC heap before
{Heap before GC invocations=53 (full 0):
 garbage-first heap   total 327680K, used 262920K [0x0000000600000000, 0x0000000800000000)
  region size 4096K, 23 young (94208K), 3 survivors (12288K)
 Metaspace       used 101424K, committed 102528K, reserved 1179648K
  class space    used 14128K, committed 14592K, reserved 1048576K
}
Event: 84.418 GC heap after
{Heap after GC invocations=54 (full 0):
 garbage-first heap   total 327680K, used 190780K [0x0000000600000000, 0x0000000800000000)
  region size 4096K, 3 young (12288K), 3 survivors (12288K)
 Metaspace       used 101424K, committed 102528K, reserved 1179648K
  class space    used 14128K, committed 14592K, reserved 1048576K
}
Event: 89.217 GC heap before
{Heap before GC invocations=54 (full 0):
 garbage-first heap   total 327680K, used 260412K [0x0000000600000000, 0x0000000800000000)
  region size 4096K, 21 young (86016K), 3 survivors (12288K)
 Metaspace       used 104262K, committed 105344K, reserved 1179648K
  class space    used 14346K, committed 14848K, reserved 1048576K
}
Event: 90.182 GC heap after
{Heap after GC invocations=55 (full 0):
 garbage-first heap   total 327680K, used 197698K [0x0000000600000000, 0x0000000800000000)
  region size 4096K, 3 young (12288K), 3 survivors (12288K)
 Metaspace       used 104262K, committed 105344K, reserved 1179648K
  class space    used 14346K, committed 14848K, reserved 1048576K
}

